<?xml version="1.0" encoding="UTF-8"?>
<testsuite xmlns:xsi="http://www.w3.org/2001/XMLSchema-instance" xsi:noNamespaceSchemaLocation="https://maven.apache.org/surefire/maven-surefire-plugin/xsd/surefire-test-report.xsd" name="com.example.fyx.UserMapperTest" time="5.595" tests="2" errors="0" skipped="0" failures="0">
  <properties>
[...]
</properties>
  <testcase name="testSelectByAlias" classname="com.example.fyx.UserMapperTest" time="0.624"/>
  <testcase name="testSelect" classname="com.example.fyx.UserMapperTest" time="0.001"/>
</testsuite>